=== BTCUSDT :: headline ===
{
 "F_vs_B1": {
  "UP": {
   "n_base_eps": 1586,
   "n_fused_eps": 844,
   "eps_ratio": 0.532,
   "ratio_invalid": false,
   "matched_frac": 0.471,
   "n_miss": 839,
   "n_false": 97,
   "false_per_100c": 0.063,
   "start_lead": {
    "n": 747,
    "median": -4.0,
    "iqr": [
     -8.0,
     -2.0
    ],
    "hl": -5.0,
    "ci95_month_boot": [
     -4.0,
     -4.0
    ]
   },
   "end_lead": {
    "n": 747,
    "median": 1.0,
    "iqr": [
     0.0,
     5.0
    ],
    "hl": 2.5
   },
   "excluded": [
    0,
    0
   ]
  },
  "DOWN": {
   "n_base_eps": 1684,
   "n_fused_eps": 805,
   "eps_ratio": 0.478,
   "ratio_invalid": false,
   "matched_frac": 0.416,
   "n_miss": 984,
   "n_false": 105,
   "false_per_100c": 0.068,
   "start_lead": {
    "n": 700,
    "median": -6.0,
    "iqr": [
     -10.0,
     -3.0
    ],
    "hl": -6.5,
    "ci95_month_boot": [
     -6.0,
     -5.0
    ]
   },
   "end_lead": {
    "n": 700,
    "median": 2.0,
    "iqr": [
     0.0,
     6.0
    ],
    "hl": 3.0
   },
   "excluded": [
    0,
    0
   ]
  }
 },
 "B2_vs_B1": {
  "UP": {
   "n_base_eps": 1586,
   "n_fused_eps": 719,
   "eps_ratio": 0.453,
   "ratio_invalid": false,
   "matched_frac": 0.414,
   "n_miss": 929,
   "n_false": 62,
   "false_per_100c": 0.04,
   "start_lead": {
    "n": 657,
    "median": -6.0,
    "iqr": [
     -10.0,
     -4.0
    ],
    "hl": -6.5,
    "ci95_month_boot": [
     -6.0,
     -5.0
    ]
   },
   "end_lead": {
    "n": 657,
    "median": 1.0,
    "iqr": [
     0.0,
     5.0
    ],
    "hl": 2.0
   },
   "excluded": [
    0,
    0
   ]
  },
  "DOWN": {
   "n_base_eps": 1684,
   "n_fused_eps": 696,
   "eps_ratio": 0.413,
   "ratio_invalid": false,
   "matched_frac": 0.375,
   "n_miss": 1052,
   "n_false": 64,
   "false_per_100c": 0.041,
   "start_lead": {
    "n": 632,
    "median": -7.0,
    "iqr": [
     -12.0,
     -4.0
    ],
    "hl": -7.5,
    "ci95_month_boot": [
     -7.0,
     -6.0
    ]
   },
   "end_lead": {
    "n": 632,
    "median": 2.0,
    "iqr": [
     0.0,
     6.0
    ],
    "hl": 3.0
   },
   "excluded": [
    0,
    0
   ]
  }
 },
 "OI_marginal": {
  "UP": {
   "median_diff": 2.0,
   "ci95": [
    1.0,
    2.0
   ],
   "boot_median_diff": 2.0
  },
  "DOWN": {
   "median_diff": 1.0,
   "ci95": [
    0.0,
    2.0
   ],
   "boot_median_diff": 1.0
  },
  "enter_pooled": {
   "median_diff": 1.0,
   "ci95": [
    1.0,
    2.0
   ],
   "boot_median_diff": 1.0,
   "F_median": -5.0,
   "B2_median": -6.0
  }
 },
 "churn": {
  "B1": 4.83,
  "F": 3.254,
  "B2": 2.187,
  "F_flap": 0.231
 },
 "eras": {
  "2022_bear": {
   "n": 307,
   "median": -5.0
  },
  "2023_range": {
   "n": 297,
   "median": -5.0
  },
  "2024_25_bull": {
   "n": 665,
   "median": -5.0
  },
  "2026": {
   "n": 178,
   "median": -4.0
  }
 },
 "era_sign_consistency": "0/4 eras positive"
}
