=== BTCUSDT :: collapse ===
{
 "symbol": "BTCUSDT",
 "window_bars": 96,
 "observed": {
  "n_events": 5961,
  "n_transitions": 7466,
  "precision": 0.9822177486998825,
  "recall": 0.9586123761050094,
  "median_lead": 12.0
 },
 "null": {
  "precision_mean": 0.9737896326119778,
  "recall_mean": 0.9556576480042861,
  "median_lead_mean": 15.6675
 },
 "p_precision": 0.004975124378109453,
 "p_recall": 0.11442786069651742,
 "funding_ablation": {
  "n_events": 5950,
  "n_transitions": 7466,
  "precision": 0.9821848739495799,
  "recall": 0.9586123761050094,
  "median_lead": 12.0
 }
}
