=== ETHUSDT :: headline ===
{
 "F_vs_B1": {
  "UP": {
   "n_base_eps": 1595,
   "n_fused_eps": 855,
   "eps_ratio": 0.536,
   "ratio_invalid": false,
   "matched_frac": 0.485,
   "n_miss": 821,
   "n_false": 81,
   "false_per_100c": 0.052,
   "start_lead": {
    "n": 774,
    "median": -4.0,
    "iqr": [
     -9.0,
     -2.0
    ],
    "hl": -5.5,
    "ci95_month_boot": [
     -5.0,
     -4.0
    ]
   },
   "end_lead": {
    "n": 774,
    "median": 1.0,
    "iqr": [
     0.0,
     5.0
    ],
    "hl": 2.5
   },
   "excluded": [
    0,
    0
   ]
  },
  "DOWN": {
   "n_base_eps": 1750,
   "n_fused_eps": 858,
   "eps_ratio": 0.49,
   "ratio_invalid": false,
   "matched_frac": 0.436,
   "n_miss": 987,
   "n_false": 95,
   "false_per_100c": 0.061,
   "start_lead": {
    "n": 763,
    "median": -5.0,
    "iqr": [
     -11.0,
     -3.0
    ],
    "hl": -6.5,
    "ci95_month_boot": [
     -5.0,
     -4.0
    ]
   },
   "end_lead": {
    "n": 763,
    "median": 2.0,
    "iqr": [
     0.0,
     6.0
    ],
    "hl": 3.0
   },
   "excluded": [
    1,
    1
   ]
  }
 },
 "B2_vs_B1": {
  "UP": {
   "n_base_eps": 1595,
   "n_fused_eps": 736,
   "eps_ratio": 0.461,
   "ratio_invalid": false,
   "matched_frac": 0.425,
   "n_miss": 917,
   "n_false": 58,
   "false_per_100c": 0.038,
   "start_lead": {
    "n": 678,
    "median": -6.0,
    "iqr": [
     -10.0,
     -4.0
    ],
    "hl": -7.0,
    "ci95_month_boot": [
     -6.0,
     -5.0
    ]
   },
   "end_lead": {
    "n": 678,
    "median": 1.0,
    "iqr": [
     0.0,
     4.0
    ],
    "hl": 2.0
   },
   "excluded": [
    0,
    0
   ]
  },
  "DOWN": {
   "n_base_eps": 1750,
   "n_fused_eps": 750,
   "eps_ratio": 0.429,
   "ratio_invalid": false,
   "matched_frac": 0.393,
   "n_miss": 1062,
   "n_false": 62,
   "false_per_100c": 0.04,
   "start_lead": {
    "n": 688,
    "median": -6.0,
    "iqr": [
     -12.0,
     -4.0
    ],
    "hl": -8.0,
    "ci95_month_boot": [
     -7.0,
     -6.0
    ]
   },
   "end_lead": {
    "n": 688,
    "median": 1.0,
    "iqr": [
     0.0,
     5.0
    ],
    "hl": 2.5
   },
   "excluded": [
    1,
    1
   ]
  }
 },
 "OI_marginal": {
  "UP": {
   "median_diff": 2.0,
   "ci95": [
    1.0,
    2.0
   ],
   "boot_median_diff": 2.0
  },
  "DOWN": {
   "median_diff": 1.0,
   "ci95": [
    1.0,
    2.0
   ],
   "boot_median_diff": 1.0
  },
  "enter_pooled": {
   "median_diff": 1.0,
   "ci95": [
    1.0,
    2.0
   ],
   "boot_median_diff": 1.0,
   "F_median": -5.0,
   "B2_median": -6.0
  }
 },
 "churn": {
  "B1": 4.882,
  "F": 3.424,
  "B2": 2.324,
  "F_flap": 0.224
 },
 "eras": {
  "2022_bear": {
   "n": 337,
   "median": -4.0
  },
  "2023_range": {
   "n": 319,
   "median": -5.0
  },
  "2024_25_bull": {
   "n": 701,
   "median": -4.0
  },
  "2026": {
   "n": 180,
   "median": -4.0
  }
 },
 "era_sign_consistency": "0/4 eras positive"
}
