=== BTCUSDT :: null ===
  null 20/200
  null 40/200
  null 60/200
  null 80/200
  null 100/200
  null 120/200
  null 140/200
  null 160/200
  null 180/200
  null 200/200
{
 "symbol": "BTCUSDT",
 "observed_F_median": -5.0,
 "B2_median": -6.0,
 "observed_OI_marginal": 1.0,
 "null_n": 200,
 "null_median": 1.0,
 "null_iqr": [
  1.0,
  1.0
 ],
 "p_one_sided": 1.0,
 "per_class": {
  "UP": {
   "observed": 2.0,
   "n_null": 200,
   "null_median": 1.0,
   "null_iqr": [
    1.0,
    1.0
   ],
   "p_one_sided": 0.14925373134328357
  },
  "DOWN": {
   "observed": 1.0,
   "n_null": 200,
   "null_median": 1.0,
   "null_iqr": [
    1.0,
    2.0
   ],
   "p_one_sided": 1.0
  }
 }
}
