=== SOLUSDT :: headline ===
{
 "F_vs_B1": {
  "UP": {
   "n_base_eps": 1516,
   "n_fused_eps": 764,
   "eps_ratio": 0.504,
   "ratio_invalid": false,
   "matched_frac": 0.447,
   "n_miss": 838,
   "n_false": 86,
   "false_per_100c": 0.056,
   "start_lead": {
    "n": 678,
    "median": -5.0,
    "iqr": [
     -9.0,
     -2.0
    ],
    "hl": -5.5,
    "ci95_month_boot": [
     -5.0,
     -4.0
    ]
   },
   "end_lead": {
    "n": 678,
    "median": 1.0,
    "iqr": [
     0.0,
     4.0
    ],
    "hl": 2.0
   },
   "excluded": [
    50,
    0
   ]
  },
  "DOWN": {
   "n_base_eps": 1652,
   "n_fused_eps": 863,
   "eps_ratio": 0.522,
   "ratio_invalid": false,
   "matched_frac": 0.459,
   "n_miss": 893,
   "n_false": 104,
   "false_per_100c": 0.067,
   "start_lead": {
    "n": 759,
    "median": -5.0,
    "iqr": [
     -10.0,
     -3.0
    ],
    "hl": -6.0,
    "ci95_month_boot": [
     -5.0,
     -4.0
    ]
   },
   "end_lead": {
    "n": 759,
    "median": 2.0,
    "iqr": [
     0.0,
     6.0
    ],
    "hl": 3.0
   },
   "excluded": [
    67,
    1
   ]
  }
 },
 "B2_vs_B1": {
  "UP": {
   "n_base_eps": 1516,
   "n_fused_eps": 676,
   "eps_ratio": 0.446,
   "ratio_invalid": false,
   "matched_frac": 0.408,
   "n_miss": 898,
   "n_false": 58,
   "false_per_100c": 0.038,
   "start_lead": {
    "n": 618,
    "median": -6.0,
    "iqr": [
     -11.0,
     -4.0
    ],
    "hl": -7.0,
    "ci95_month_boot": [
     -6.0,
     -5.0
    ]
   },
   "end_lead": {
    "n": 618,
    "median": 1.0,
    "iqr": [
     0.0,
     4.0
    ],
    "hl": 2.0
   },
   "excluded": [
    50,
    0
   ]
  },
  "DOWN": {
   "n_base_eps": 1652,
   "n_fused_eps": 771,
   "eps_ratio": 0.467,
   "ratio_invalid": false,
   "matched_frac": 0.426,
   "n_miss": 949,
   "n_false": 68,
   "false_per_100c": 0.044,
   "start_lead": {
    "n": 703,
    "median": -6.0,
    "iqr": [
     -11.0,
     -4.0
    ],
    "hl": -7.5,
    "ci95_month_boot": [
     -7.0,
     -6.0
    ]
   },
   "end_lead": {
    "n": 703,
    "median": 1.0,
    "iqr": [
     0.0,
     6.0
    ],
    "hl": 2.5
   },
   "excluded": [
    67,
    1
   ]
  }
 },
 "OI_marginal": {
  "UP": {
   "median_diff": 1.0,
   "ci95": [
    1.0,
    2.0
   ],
   "boot_median_diff": 1.0
  },
  "DOWN": {
   "median_diff": 1.0,
   "ci95": [
    1.0,
    2.0
   ],
   "boot_median_diff": 1.0
  },
  "enter_pooled": {
   "median_diff": 1.0,
   "ci95": [
    1.0,
    2.0
   ],
   "boot_median_diff": 1.0,
   "F_median": -5.0,
   "B2_median": -6.0
  }
 },
 "churn": {
  "B1": 4.844,
  "F": 3.39,
  "B2": 2.331,
  "F_flap": 0.217
 },
 "eras": {
  "2022_bear": {
   "n": 270,
   "median": -5.0
  },
  "2023_range": {
   "n": 322,
   "median": -5.0
  },
  "2024_25_bull": {
   "n": 671,
   "median": -4.0
  },
  "2026": {
   "n": 174,
   "median": -5.0
  }
 },
 "era_sign_consistency": "0/4 eras positive"
}
