=== XRPUSDT :: headline ===
{
 "F_vs_B1": {
  "UP": {
   "n_base_eps": 1370,
   "n_fused_eps": 682,
   "eps_ratio": 0.498,
   "ratio_invalid": false,
   "matched_frac": 0.445,
   "n_miss": 760,
   "n_false": 72,
   "false_per_100c": 0.047,
   "start_lead": {
    "n": 610,
    "median": -4.0,
    "iqr": [
     -9.0,
     -2.0
    ],
    "hl": -5.0,
    "ci95_month_boot": [
     -4.0,
     -3.0
    ]
   },
   "end_lead": {
    "n": 610,
    "median": 1.0,
    "iqr": [
     0.0,
     5.0
    ],
    "hl": 2.5
   },
   "excluded": [
    45,
    1
   ]
  },
  "DOWN": {
   "n_base_eps": 1685,
   "n_fused_eps": 870,
   "eps_ratio": 0.516,
   "ratio_invalid": false,
   "matched_frac": 0.452,
   "n_miss": 923,
   "n_false": 108,
   "false_per_100c": 0.07,
   "start_lead": {
    "n": 762,
    "median": -6.0,
    "iqr": [
     -12.0,
     -3.0
    ],
    "hl": -7.0,
    "ci95_month_boot": [
     -6.0,
     -5.0
    ]
   },
   "end_lead": {
    "n": 762,
    "median": 2.0,
    "iqr": [
     0.0,
     6.0
    ],
    "hl": 3.0
   },
   "excluded": [
    64,
    1
   ]
  }
 },
 "B2_vs_B1": {
  "UP": {
   "n_base_eps": 1370,
   "n_fused_eps": 584,
   "eps_ratio": 0.426,
   "ratio_invalid": false,
   "matched_frac": 0.398,
   "n_miss": 825,
   "n_false": 39,
   "false_per_100c": 0.025,
   "start_lead": {
    "n": 545,
    "median": -6.0,
    "iqr": [
     -10.0,
     -3.0
    ],
    "hl": -6.5,
    "ci95_month_boot": [
     -6.0,
     -5.0
    ]
   },
   "end_lead": {
    "n": 545,
    "median": 1.0,
    "iqr": [
     0.0,
     4.0
    ],
    "hl": 2.0
   },
   "excluded": [
    45,
    1
   ]
  },
  "DOWN": {
   "n_base_eps": 1685,
   "n_fused_eps": 770,
   "eps_ratio": 0.457,
   "ratio_invalid": false,
   "matched_frac": 0.411,
   "n_miss": 992,
   "n_false": 77,
   "false_per_100c": 0.05,
   "start_lead": {
    "n": 693,
    "median": -7.0,
    "iqr": [
     -13.0,
     -4.0
    ],
    "hl": -8.5,
    "ci95_month_boot": [
     -8.0,
     -6.0
    ]
   },
   "end_lead": {
    "n": 693,
    "median": 1.0,
    "iqr": [
     0.0,
     5.0
    ],
    "hl": 2.5
   },
   "excluded": [
    64,
    1
   ]
  }
 },
 "OI_marginal": {
  "UP": {
   "median_diff": 2.0,
   "ci95": [
    1.0,
    3.0
   ],
   "boot_median_diff": 2.0
  },
  "DOWN": {
   "median_diff": 1.0,
   "ci95": [
    1.0,
    2.0
   ],
   "boot_median_diff": 1.0
  },
  "enter_pooled": {
   "median_diff": 1.0,
   "ci95": [
    1.0,
    2.0
   ],
   "boot_median_diff": 1.0,
   "F_median": -5.0,
   "B2_median": -6.0
  }
 },
 "churn": {
  "B1": 4.675,
  "F": 3.163,
  "B2": 2.171,
  "F_flap": 0.21
 },
 "eras": {
  "2022_bear": {
   "n": 243,
   "median": -4.0
  },
  "2023_range": {
   "n": 307,
   "median": -5.0
  },
  "2024_25_bull": {
   "n": 652,
   "median": -5.0
  },
  "2026": {
   "n": 170,
   "median": -5.0
  }
 },
 "era_sign_consistency": "0/4 eras positive"
}
